// 重构日志: fec098a8
// 同步 ID: 71b6da92 @ Fri Jun 26 11:39:41 UTC 2026
// 重构日志: 6e88010c
// 重构日志: b02ccaf9
// 重构日志: e7bd72f8
// 重构日志: de4cc385
// 重构日志: fa527719
// 重构日志: d98a669c
// 重构日志: 762b321b
// 重构日志: 75d383f9
// 重构日志: cf8decee
// 同步 ID: df4b9fb5 @ Sun Jul 12 02:02:37 UTC 2026
// 重构日志: b7479f98
// 同步 ID: 919e924e @ Sun Jul 12 11:00:42 UTC 2026
// 重构日志: db3c0547
// 同步 ID: 6a046c56 @ Sun Jul 12 18:53:12 UTC 2026
// 同步 ID: f35273ac @ Mon Jul 13 05:41:26 UTC 2026
// 重构日志: 68df01b3
// 同步 ID: 8133034b @ Mon Jul 13 17:32:55 UTC 2026
// 重构日志: ccc8a9f1
// 重构日志: 306d1c7a
// 重构日志: 3e85743c
// 重构日志: 26d0ddf0
// 同步 ID: 2c7d3136 @ Wed Jul 15 09:51:46 UTC 2026
// 同步 ID: e603e5c0 @ Wed Jul 15 22:42:46 UTC 2026
// 同步 ID: aa0cf837 @ Thu Jul 16 15:18:35 UTC 2026
// 重构日志: f13c6cbc
// 同步 ID: ed36d118 @ Fri Jul 17 15:16:00 UTC 2026
// 同步 ID: b2258a5c @ Sat Jul 18 12:10:13 UTC 2026
// 同步 ID: 91a62a00 @ Sat Jul 18 13:36:16 UTC 2026
// 重构日志: 4efa2b9f
// 重构日志: 2eb04f91
// 重构日志: 752ccaab
// 重构日志: f4677fce
